<?xml version="1.0" encoding="UTF-8"?>
<!-- Generated by org.testng.reporters.JUnitReportReporter -->
<testsuite hostname="DESKTOP-7EG2BCN" name="ItemPageTest" tests="2" failures="0" timestamp="19 Jan 2020 22:50:06 GMT" time="26.223" errors="0">
  <testcase name="testCase1" time="15.879" classname="ItemPageTest"/>
  <testcase name="testCase2" time="10.344" classname="ItemPageTest"/>
</testsuite> <!-- ItemPageTest -->
